c:\users\yamak\source\repos\clr_nir3\sample\release\sample.pch
c:\users\yamak\source\repos\clr_nir3\sample\release\vc141.pdb
c:\users\yamak\source\repos\clr_nir3\sample\release\stdafx.obj
c:\users\yamak\source\repos\clr_nir3\sample\release\myform.obj
c:\users\yamak\source\repos\clr_nir3\sample\release\cvwin.obj
c:\users\yamak\source\repos\clr_nir3\sample\release\assemblyinfo.obj
c:\users\yamak\source\repos\clr_nir3\sample\release\.netframework,version=v4.5.assemblyattributes.obj
c:\users\yamak\source\repos\clr_nir3\sample\release\.netframework,version=v4.5.assemblyattributes.asm
c:\users\yamak\source\repos\clr_nir3\release\sample.exe
c:\users\yamak\source\repos\clr_nir3\release\sample.pdb
c:\users\yamak\source\repos\clr_nir3\sample\release\app.res
c:\users\yamak\source\repos\clr_nir3\sample\release\sample.myform.resources
c:\users\yamak\source\repos\clr_nir3\sample\release\sample.vcxproj.generateresource.cache
c:\users\yamak\source\repos\clr_nir3\sample\release\sample.vcxprojassemblyreference.cache
c:\users\yamak\source\repos\clr_nir3\sample\release\sample.tlog\cl.command.1.tlog
c:\users\yamak\source\repos\clr_nir3\sample\release\sample.tlog\cl.read.1.tlog
c:\users\yamak\source\repos\clr_nir3\sample\release\sample.tlog\cl.write.1.tlog
c:\users\yamak\source\repos\clr_nir3\sample\release\sample.tlog\link.command.1.tlog
c:\users\yamak\source\repos\clr_nir3\sample\release\sample.tlog\link.read.1.tlog
c:\users\yamak\source\repos\clr_nir3\sample\release\sample.tlog\link.write.1.tlog
c:\users\yamak\source\repos\clr_nir3\sample\release\sample.tlog\metagen.read.1.tlog
c:\users\yamak\source\repos\clr_nir3\sample\release\sample.tlog\metagen.write.1.tlog
c:\users\yamak\source\repos\clr_nir3\sample\release\sample.tlog\rc.command.1.tlog
c:\users\yamak\source\repos\clr_nir3\sample\release\sample.tlog\rc.read.1.tlog
c:\users\yamak\source\repos\clr_nir3\sample\release\sample.tlog\rc.write.1.tlog
c:\users\yamak\source\repos\clr_nir3\sample\release\sample.tlog\sample.write.1u.tlog
