  Stdafx.cpp
  AssemblyInfo.cpp
c:\users\yamak\source\repos\nirandrs\sample\assemblyinfo.cpp(40): warning C4947: 'System::Security::Permissions::SecurityAction::RequestMinimum': 古い形式に設定されています。
  c:\users\yamak\source\repos\nirandrs\sample\assemblyinfo.cpp(40): note: メッセージ: 'Assembly level declarative security is obsolete and is no longer enforced by the CLR by default. See http://go.microsoft.com/fwlink/?LinkID=155570 for more information.'
  cvwin.cpp
  histogramNormalization.cpp
  MyForm.cpp
c:\users\yamak\source\repos\nirandrs\sample\myform.h(1820): warning C4305: '初期化中': 'double' から 'float' へ切り詰めます。
c:\users\yamak\source\repos\nirandrs\sample\myform.h(1821): warning C4018: '<': signed と unsigned の数値を比較しようとしました。
c:\users\yamak\source\repos\nirandrs\sample\myform.h(1915): warning C4101: 'key2': ローカル変数は 1 度も使われていません。
c:\users\yamak\source\repos\nirandrs\sample\myform.h(1970): warning C4305: '引数': 'double' から 'float' へ切り詰めます。
  nirAndRs.cpp
c:\users\yamak\source\repos\nirandrs\sample\myform.h(1820): warning C4305: '初期化中': 'double' から 'float' へ切り詰めます。
c:\users\yamak\source\repos\nirandrs\sample\myform.h(1821): warning C4018: '<': signed と unsigned の数値を比較しようとしました。
c:\users\yamak\source\repos\nirandrs\sample\myform.h(1915): warning C4101: 'key2': ローカル変数は 1 度も使われていません。
c:\users\yamak\source\repos\nirandrs\sample\myform.h(1970): warning C4305: '引数': 'double' から 'float' へ切り詰めます。
c:\users\yamak\source\repos\nirandrs\sample\nirandrs.cpp(92): warning C4305: '引数': 'double' から 'float' へ切り詰めます。
c:\users\yamak\source\repos\nirandrs\sample\nirandrs.cpp(322): warning C4018: '<': signed と unsigned の数値を比較しようとしました。
c:\users\yamak\source\repos\nirandrs\sample\nirandrs.cpp(477): warning C4305: '引数': 'double' から 'float' へ切り詰めます。
c:\users\yamak\source\repos\nirandrs\sample\nirandrs.cpp(709): warning C4018: '<': signed と unsigned の数値を比較しようとしました。
c:\users\yamak\source\repos\nirandrs\sample\nirandrs.cpp(862): warning C4305: '引数': 'double' から 'float' へ切り詰めます。
c:\users\yamak\source\repos\nirandrs\sample\nirandrs.cpp(1144): warning C4305: '引数': 'double' から 'float' へ切り詰めます。
c:\users\yamak\source\repos\nirandrs\sample\nirandrs.cpp(1332): warning C4018: '<': signed と unsigned の数値を比較しようとしました。
  realSense.cpp
c:\users\yamak\source\repos\nirandrs\sample\realsense.cpp(23): fatal error C1083: include ファイルを開けません。'realSense.h':No such file or directory
  コードを生成中...
c:\dev\opencv346_win32\install\include\opencv2\core\cvstd.hpp(575): warning C4793: cv::String::String': ネイティブ関数としてコンパイルされました:
  	マネージド コードでサポートされていない組み込み型が見つかりました
c:\dev\opencv346_win32\install\include\opencv2\core\cuda.inl.hpp(105): warning C4793: cv::cuda::GpuMat::GpuMat': ネイティブ関数としてコンパイルされました:
  	マネージド コードでサポートされていない組み込み型が見つかりました
c:\dev\opencv346_win32\install\include\opencv2\core\cuda.inl.hpp(395): warning C4793: cv::cuda::HostMem::HostMem': ネイティブ関数としてコンパイルされました:
  	マネージド コードでサポートされていない組み込み型が見つかりました
c:\dev\opencv346_win32\install\include\opencv2\core\mat.inl.hpp(561): warning C4793: cv::Mat::Mat': ネイティブ関数としてコンパイルされました:
  	マネージド コードでサポートされていない組み込み型が見つかりました
c:\dev\opencv346_win32\install\include\opencv2\core\mat.inl.hpp(885): warning C4793: cv::Mat::release': ネイティブ関数としてコンパイルされました:
  	マネージド コードでサポートされていない組み込み型が見つかりました
c:\dev\opencv346_win32\install\include\opencv2\core\mat.inl.hpp(2221): warning C4793: cv::SparseMat::addref': ネイティブ関数としてコンパイルされました:
  	マネージド コードでサポートされていない組み込み型が見つかりました
c:\dev\opencv346_win32\install\include\opencv2\core\mat.inl.hpp(3821): warning C4793: cv::UMat::addref': ネイティブ関数としてコンパイルされました:
  	マネージド コードでサポートされていない組み込み型が見つかりました
c:\dev\opencv346_win32\install\include\opencv2\core\ptr.inl.hpp(67): warning C4793: cv::detail::PtrOwner::incRef': ネイティブ関数としてコンパイルされました:
  	マネージド コードでサポートされていない組み込み型が見つかりました
c:\dev\opencv346_win32\install\include\opencv2\core\ptr.inl.hpp(72): warning C4793: cv::detail::PtrOwner::decRef': ネイティブ関数としてコンパイルされました:
  	マネージド コードでサポートされていない組み込み型が見つかりました
c:\dev\opencv346_win32\install\include\opencv2\core\cvstd.hpp(657): warning C4793: cv::String::operator=': ネイティブ関数としてコンパイルされました:
  	マネージド コードでサポートされていない組み込み型が見つかりました
c:\dev\opencv346_win32\install\include\opencv2\core\mat.inl.hpp(783): warning C4793: cv::Mat::operator=': ネイティブ関数としてコンパイルされました:
  	マネージド コードでサポートされていない組み込み型が見つかりました
c:\dev\opencv346_win32\install\include\opencv2\core\cvstd.hpp(575): warning C4793: cv::String::String': ネイティブ関数としてコンパイルされました:
  	マネージド コードでサポートされていない組み込み型が見つかりました
c:\dev\opencv346_win32\install\include\opencv2\core\cuda.inl.hpp(105): warning C4793: cv::cuda::GpuMat::GpuMat': ネイティブ関数としてコンパイルされました:
  	マネージド コードでサポートされていない組み込み型が見つかりました
c:\dev\opencv346_win32\install\include\opencv2\core\cuda.inl.hpp(395): warning C4793: cv::cuda::HostMem::HostMem': ネイティブ関数としてコンパイルされました:
  	マネージド コードでサポートされていない組み込み型が見つかりました
c:\dev\opencv346_win32\install\include\opencv2\core\mat.inl.hpp(561): warning C4793: cv::Mat::Mat': ネイティブ関数としてコンパイルされました:
  	マネージド コードでサポートされていない組み込み型が見つかりました
c:\dev\opencv346_win32\install\include\opencv2\core\mat.inl.hpp(885): warning C4793: cv::Mat::release': ネイティブ関数としてコンパイルされました:
  	マネージド コードでサポートされていない組み込み型が見つかりました
c:\dev\opencv346_win32\install\include\opencv2\core\mat.inl.hpp(2221): warning C4793: cv::SparseMat::addref': ネイティブ関数としてコンパイルされました:
  	マネージド コードでサポートされていない組み込み型が見つかりました
c:\dev\opencv346_win32\install\include\opencv2\core\mat.inl.hpp(3821): warning C4793: cv::UMat::addref': ネイティブ関数としてコンパイルされました:
  	マネージド コードでサポートされていない組み込み型が見つかりました
c:\dev\opencv346_win32\install\include\opencv2\core\ptr.inl.hpp(67): warning C4793: cv::detail::PtrOwner::incRef': ネイティブ関数としてコンパイルされました:
  	マネージド コードでサポートされていない組み込み型が見つかりました
c:\dev\opencv346_win32\install\include\opencv2\core\ptr.inl.hpp(72): warning C4793: cv::detail::PtrOwner::decRef': ネイティブ関数としてコンパイルされました:
  	マネージド コードでサポートされていない組み込み型が見つかりました
c:\dev\opencv346_win32\install\include\opencv2\core\cvstd.hpp(657): warning C4793: cv::String::operator=': ネイティブ関数としてコンパイルされました:
  	マネージド コードでサポートされていない組み込み型が見つかりました
c:\dev\opencv346_win32\install\include\opencv2\core\cvstd.hpp(575): warning C4793: cv::String::String': ネイティブ関数としてコンパイルされました:
  	マネージド コードでサポートされていない組み込み型が見つかりました
c:\dev\opencv346_win32\install\include\opencv2\core\mat.inl.hpp(561): warning C4793: cv::Mat::Mat': ネイティブ関数としてコンパイルされました:
  	マネージド コードでサポートされていない組み込み型が見つかりました
c:\dev\opencv346_win32\install\include\opencv2\core\mat.inl.hpp(2221): warning C4793: cv::SparseMat::addref': ネイティブ関数としてコンパイルされました:
  	マネージド コードでサポートされていない組み込み型が見つかりました
c:\dev\opencv346_win32\install\include\opencv2\core\mat.inl.hpp(3821): warning C4793: cv::UMat::addref': ネイティブ関数としてコンパイルされました:
  	マネージド コードでサポートされていない組み込み型が見つかりました
c:\dev\opencv346_win32\install\include\opencv2\core\ptr.inl.hpp(67): warning C4793: cv::detail::PtrOwner::incRef': ネイティブ関数としてコンパイルされました:
  	マネージド コードでサポートされていない組み込み型が見つかりました
c:\dev\opencv346_win32\install\include\opencv2\core\ptr.inl.hpp(72): warning C4793: cv::detail::PtrOwner::decRef': ネイティブ関数としてコンパイルされました:
  	マネージド コードでサポートされていない組み込み型が見つかりました
c:\dev\opencv346_win32\install\include\opencv2\core\cvstd.hpp(575): warning C4793: cv::String::String': ネイティブ関数としてコンパイルされました:
  	マネージド コードでサポートされていない組み込み型が見つかりました
c:\dev\opencv346_win32\install\include\opencv2\core\cuda.inl.hpp(105): warning C4793: cv::cuda::GpuMat::GpuMat': ネイティブ関数としてコンパイルされました:
  	マネージド コードでサポートされていない組み込み型が見つかりました
c:\dev\opencv346_win32\install\include\opencv2\core\cuda.inl.hpp(395): warning C4793: cv::cuda::HostMem::HostMem': ネイティブ関数としてコンパイルされました:
  	マネージド コードでサポートされていない組み込み型が見つかりました
c:\dev\opencv346_win32\install\include\opencv2\core\mat.inl.hpp(561): warning C4793: cv::Mat::Mat': ネイティブ関数としてコンパイルされました:
  	マネージド コードでサポートされていない組み込み型が見つかりました
c:\dev\opencv346_win32\install\include\opencv2\core\mat.inl.hpp(885): warning C4793: cv::Mat::release': ネイティブ関数としてコンパイルされました:
  	マネージド コードでサポートされていない組み込み型が見つかりました
c:\dev\opencv346_win32\install\include\opencv2\core\mat.inl.hpp(2221): warning C4793: cv::SparseMat::addref': ネイティブ関数としてコンパイルされました:
  	マネージド コードでサポートされていない組み込み型が見つかりました
c:\dev\opencv346_win32\install\include\opencv2\core\mat.inl.hpp(3821): warning C4793: cv::UMat::addref': ネイティブ関数としてコンパイルされました:
  	マネージド コードでサポートされていない組み込み型が見つかりました
c:\dev\opencv346_win32\install\include\opencv2\core\ptr.inl.hpp(67): warning C4793: cv::detail::PtrOwner::incRef': ネイティブ関数としてコンパイルされました:
  	マネージド コードでサポートされていない組み込み型が見つかりました
c:\dev\opencv346_win32\install\include\opencv2\core\ptr.inl.hpp(72): warning C4793: cv::detail::PtrOwner::decRef': ネイティブ関数としてコンパイルされました:
  	マネージド コードでサポートされていない組み込み型が見つかりました
c:\dev\opencv346_win32\install\include\opencv2\core\cvstd.hpp(657): warning C4793: cv::String::operator=': ネイティブ関数としてコンパイルされました:
  	マネージド コードでサポートされていない組み込み型が見つかりました
